<?xml version="1.0" encoding="UTF-8"?>
<!-- Generated by org.testng.reporters.JUnitReportReporter -->
<testsuite hostname="5CG1265QHJ" failures="0" tests="4" name="TestPackage.Day3" time="0.009" errors="0" timestamp="2022-02-27T08:06:22 IST" skipped="1">
  <testcase classname="TestPackage.Day3" name="MobileSignoutcarLoan" time="0.004"/>
  <system-out/>
  <testcase classname="TestPackage.Day3" name="WebloginCarloan" time="0.001"/>
  <system-out/>
  <testcase classname="TestPackage.Day3" name="MobileLogincarLoan" time="0.004"/>
  <system-out/>
  <testcase classname="TestPackage.Day3" name="MobileSignincarLoan">
    <skipped/>
  </testcase> <!-- MobileSignincarLoan -->
  <system-out/>
</testsuite> <!-- TestPackage.Day3 -->
