<?xml version="1.0" encoding="UTF-8"?>
<!-- Generated by org.testng.reporters.JUnitReportReporter -->
<testsuite hostname="5CG1265QHJ" failures="0" tests="3" name="TestPackage.Day4" time="0.004" errors="0" timestamp="2022-02-27T08:06:22 IST" skipped="0">
  <testcase classname="TestPackage.Day4" name="WebloginHomeloan" time="0.001"/>
  <system-out/>
  <testcase classname="TestPackage.Day4" name="MobileLoginHomeLoan" time="0.001"/>
  <system-out/>
  <testcase classname="TestPackage.Day4" name="APILoginHomeLoan" time="0.002"/>
  <system-out/>
</testsuite> <!-- TestPackage.Day4 -->
