<?xml version="1.0" encoding="UTF-8"?>
<!-- Generated by org.testng.reporters.JUnitReportReporter -->
<testsuite hostname="5CG1265QHJ" failures="0" tests="3" name="TestPackage.Day5" time="0.007" errors="0" timestamp="2022-02-27T07:19:29 IST" skipped="0">
  <testcase classname="TestPackage.Day5" name="MobileSignoutcarLoan" time="0.001"/>
  <system-out/>
  <testcase classname="TestPackage.Day5" name="MobileSignoutcarLoan" time="0.005"/>
  <system-out/>
  <testcase classname="TestPackage.Day5" name="MobileSignoutcarLoan" time="0.001"/>
  <system-out/>
</testsuite> <!-- TestPackage.Day5 -->
