<?xml version="1.0" encoding="UTF-8"?>
<!-- Generated by org.testng.reporters.JUnitReportReporter -->
<testsuite hostname="5CG1265QHJ" failures="0" tests="2" name="TestPackage.Day2" time="0.002" errors="0" timestamp="2022-02-27T08:06:22 IST" skipped="0">
  <testcase classname="TestPackage.Day2" name="SecondTest" time="0.001"/>
  <system-out/>
  <testcase classname="TestPackage.Day2" name="Demo" time="0.001"/>
  <system-out/>
</testsuite> <!-- TestPackage.Day2 -->
